<?xml version="1.0" encoding="UTF-8"?>
<!-- Generated by org.testng.reporters.JUnitXMLReporter -->
<testsuite hostname="Ashnavs-MacBook-Pro.local" ignored="0" name="Default test" tests="5" failures="0" timestamp="31 May 2018 10:34:46 GMT" time="4.129" errors="0">
  <testcase name="executeQuery" time="1.958" classname="sqlProjedt.ExecuteQuerywithMultipleThreads"/>
  <testcase name="executeQuery" time="1.958" classname="sqlProjedt.ExecuteQuerywithMultipleThreads"/>
  <testcase name="executeQuery" time="1.958" classname="sqlProjedt.ExecuteQuerywithMultipleThreads"/>
  <testcase name="executeQuery" time="1.968" classname="sqlProjedt.ExecuteQuerywithMultipleThreads"/>
  <testcase name="executeQuery" time="2.079" classname="sqlProjedt.ExecuteQuerywithMultipleThreads"/>
</testsuite> <!-- Default test -->
