<?xml version="1.0" encoding="UTF-8"?>
<!-- Generated by org.testng.reporters.JUnitXMLReporter -->
<testsuite hostname="Ashnavs-MacBook-Pro.local" name="Default test" tests="6" failures="0" timestamp="30 May 2018 12:11:16 GMT" time="3.616" errors="0">
  <testcase name="executeQuery" time="1.997" classname="com.ashnav.pipeline.orderstate.ExecuteQuerywithMultipleThreads2"/>
  <testcase name="executeQuery" time="1.997" classname="com.ashnav.pipeline.orderstate.ExecuteQuerywithMultipleThreads2"/>
  <testcase name="executeQuery" time="1.997" classname="com.ashnav.pipeline.orderstate.ExecuteQuerywithMultipleThreads2"/>
  <testcase name="executeQuery" time="1.997" classname="com.ashnav.pipeline.orderstate.ExecuteQuerywithMultipleThreads2"/>
  <testcase name="executeQuery" time="1.997" classname="com.ashnav.pipeline.orderstate.ExecuteQuerywithMultipleThreads2"/>
  <testcase name="executeQuery" time="2.0" classname="com.ashnav.pipeline.orderstate.ExecuteQuerywithMultipleThreads2"/>
</testsuite> <!-- Default test -->
