<?xml version="1.0" encoding="UTF-8"?>
<!-- Generated by org.testng.reporters.JUnitXMLReporter -->
<testsuite hostname="Ashnavs-MacBook-Pro.local" ignored="0" name="RUN_SQL_ON_ENVIRONMENT" tests="5" failures="5" timestamp="30 May 2018 17:03:37 GMT" time="62.408" errors="0">
  <testcase name="executeQuery" time="60.064" classname="com.ashnav.pipeline.orderstate.ExecuteQuerywithMultipleThreads">
    <failure type="java.lang.AssertionError" message="Query is NOT executed successfully on development expected [true] but found [false]">
      <![CDATA[java.lang.AssertionError: Query is NOT executed successfully on development expected [true] but found [false]
	at com.ashnav.pipeline.orderstate.ExecuteQuerywithMultipleThreads.executeQuery(ExecuteQuerywithMultipleThreads.java:76)
	at java.util.concurrent.FutureTask.run(FutureTask.java:266)
	at java.util.concurrent.Executors$RunnableAdapter.call(Executors.java:511)
	at java.util.concurrent.FutureTask.run(FutureTask.java:266)
	at java.util.concurrent.ThreadPoolExecutor.runWorker(ThreadPoolExecutor.java:1142)
	at java.util.concurrent.ThreadPoolExecutor$Worker.run(ThreadPoolExecutor.java:617)
	at java.lang.Thread.run(Thread.java:745)
... Removed 12 stack frames]]>
    </failure>
  </testcase> <!-- executeQuery -->
  <testcase name="executeQuery" time="60.064" classname="com.ashnav.pipeline.orderstate.ExecuteQuerywithMultipleThreads">
    <failure type="java.lang.AssertionError" message="Query is NOT executed successfully on posqe expected [true] but found [false]">
      <![CDATA[java.lang.AssertionError: Query is NOT executed successfully on posqe expected [true] but found [false]
	at com.ashnav.pipeline.orderstate.ExecuteQuerywithMultipleThreads.executeQuery(ExecuteQuerywithMultipleThreads.java:76)
	at java.util.concurrent.FutureTask.run(FutureTask.java:266)
	at java.util.concurrent.Executors$RunnableAdapter.call(Executors.java:511)
	at java.util.concurrent.FutureTask.run(FutureTask.java:266)
	at java.util.concurrent.ThreadPoolExecutor.runWorker(ThreadPoolExecutor.java:1142)
	at java.util.concurrent.ThreadPoolExecutor$Worker.run(ThreadPoolExecutor.java:617)
	at java.lang.Thread.run(Thread.java:745)
... Removed 12 stack frames]]>
    </failure>
  </testcase> <!-- executeQuery -->
  <testcase name="executeQuery" time="60.064" classname="com.ashnav.pipeline.orderstate.ExecuteQuerywithMultipleThreads">
    <failure type="java.lang.AssertionError" message="Query is NOT executed successfully on upgradedevqe expected [true] but found [false]">
      <![CDATA[java.lang.AssertionError: Query is NOT executed successfully on upgradedevqe expected [true] but found [false]
	at com.ashnav.pipeline.orderstate.ExecuteQuerywithMultipleThreads.executeQuery(ExecuteQuerywithMultipleThreads.java:76)
	at java.util.concurrent.FutureTask.run(FutureTask.java:266)
	at java.util.concurrent.Executors$RunnableAdapter.call(Executors.java:511)
	at java.util.concurrent.FutureTask.run(FutureTask.java:266)
	at java.util.concurrent.ThreadPoolExecutor.runWorker(ThreadPoolExecutor.java:1142)
	at java.util.concurrent.ThreadPoolExecutor$Worker.run(ThreadPoolExecutor.java:617)
	at java.lang.Thread.run(Thread.java:745)
... Removed 12 stack frames]]>
    </failure>
  </testcase> <!-- executeQuery -->
  <testcase name="executeQuery" time="60.064" classname="com.ashnav.pipeline.orderstate.ExecuteQuerywithMultipleThreads">
    <failure type="java.lang.AssertionError" message="Query is NOT executed successfully on scmqe expected [true] but found [false]">
      <![CDATA[java.lang.AssertionError: Query is NOT executed successfully on scmqe expected [true] but found [false]
	at com.ashnav.pipeline.orderstate.ExecuteQuerywithMultipleThreads.executeQuery(ExecuteQuerywithMultipleThreads.java:76)
	at java.util.concurrent.FutureTask.run(FutureTask.java:266)
	at java.util.concurrent.Executors$RunnableAdapter.call(Executors.java:511)
	at java.util.concurrent.FutureTask.run(FutureTask.java:266)
	at java.util.concurrent.ThreadPoolExecutor.runWorker(ThreadPoolExecutor.java:1142)
	at java.util.concurrent.ThreadPoolExecutor$Worker.run(ThreadPoolExecutor.java:617)
	at java.lang.Thread.run(Thread.java:745)
... Removed 12 stack frames]]>
    </failure>
  </testcase> <!-- executeQuery -->
  <testcase name="executeQuery" time="60.064" classname="com.ashnav.pipeline.orderstate.ExecuteQuerywithMultipleThreads">
    <failure type="java.lang.AssertionError" message="Query is NOT executed successfully on webqe expected [true] but found [false]">
      <![CDATA[java.lang.AssertionError: Query is NOT executed successfully on webqe expected [true] but found [false]
	at com.ashnav.pipeline.orderstate.ExecuteQuerywithMultipleThreads.executeQuery(ExecuteQuerywithMultipleThreads.java:76)
	at java.util.concurrent.FutureTask.run(FutureTask.java:266)
	at java.util.concurrent.Executors$RunnableAdapter.call(Executors.java:511)
	at java.util.concurrent.FutureTask.run(FutureTask.java:266)
	at java.util.concurrent.ThreadPoolExecutor.runWorker(ThreadPoolExecutor.java:1142)
	at java.util.concurrent.ThreadPoolExecutor$Worker.run(ThreadPoolExecutor.java:617)
	at java.lang.Thread.run(Thread.java:745)
... Removed 12 stack frames]]>
    </failure>
  </testcase> <!-- executeQuery -->
</testsuite> <!-- RUN_SQL_ON_ENVIRONMENT -->
