<?xml version="1.0" encoding="UTF-8"?>
<!-- Generated by org.testng.reporters.JUnitXMLReporter -->
<testsuite hostname="Ashnavs-MacBook-Pro.local" name="RUN_SQL" tests="6" failures="0" timestamp="30 May 2018 12:16:30 GMT" time="3.184" errors="0">
  <testcase name="executeQuery" time="1.862" classname="com.ashnav.pipeline.orderstate.ExecuteQuerywithMultipleThreads2"/>
  <testcase name="executeQuery" time="1.862" classname="com.ashnav.pipeline.orderstate.ExecuteQuerywithMultipleThreads2"/>
  <testcase name="executeQuery" time="1.862" classname="com.ashnav.pipeline.orderstate.ExecuteQuerywithMultipleThreads2"/>
  <testcase name="executeQuery" time="1.862" classname="com.ashnav.pipeline.orderstate.ExecuteQuerywithMultipleThreads2"/>
  <testcase name="executeQuery" time="1.862" classname="com.ashnav.pipeline.orderstate.ExecuteQuerywithMultipleThreads2"/>
  <testcase name="executeQuery" time="1.862" classname="com.ashnav.pipeline.orderstate.ExecuteQuerywithMultipleThreads2"/>
</testsuite> <!-- RUN_SQL -->
